<?xml version="1.0" encoding="UTF-8"?>
<testng-results ignored="0" total="1" passed="1" failed="0" skipped="0">
  <reporter-output>
  </reporter-output>
  <suite started-at="2021-01-13T17:18:09 IST" name="Default suite" finished-at="2021-01-13T17:18:52 IST" duration-ms="43214">
    <groups>
    </groups>
    <test started-at="2021-01-13T17:18:09 IST" name="Default test" finished-at="2021-01-13T17:18:52 IST" duration-ms="43214">
      <class name="testNG.EbayTest">
        <test-method signature="search()[pri:0, instance:testNG.EbayTest@4e91d63f]" started-at="2021-01-13T17:18:09 IST" name="search" finished-at="2021-01-13T17:18:52 IST" duration-ms="43143" status="PASS">
          <reporter-output>
          </reporter-output>
        </test-method> <!-- search -->
      </class> <!-- testNG.EbayTest -->
    </test> <!-- Default test -->
  </suite> <!-- Default suite -->
</testng-results>
