<?xml version="1.0" encoding="UTF-8"?>
<testng-results ignored="0" total="2" passed="2" failed="0" skipped="0">
  <reporter-output>
  </reporter-output>
  <suite started-at="2020-11-08T16:10:54 IST" name="Default suite" finished-at="2020-11-08T16:11:01 IST" duration-ms="6631">
    <groups>
    </groups>
    <test started-at="2020-11-08T16:10:54 IST" name="Default test" finished-at="2020-11-08T16:11:01 IST" duration-ms="6631">
      <class name="com.rest.DynamicPayload">
        <test-method signature="dynamic(java.lang.String)[pri:0, instance:com.rest.DynamicPayload@46fa7c39]" started-at="2020-11-08T16:10:54 IST" name="dynamic" data-provider="getData" finished-at="2020-11-08T16:10:58 IST" duration-ms="4515" status="PASS">
          <params>
            <param index="0">
              <value>
                <![CDATA[venky]]>
              </value>
            </param>
          </params>
          <reporter-output>
          </reporter-output>
        </test-method> <!-- dynamic -->
        <test-method signature="dynamic(java.lang.String)[pri:0, instance:com.rest.DynamicPayload@46fa7c39]" started-at="2020-11-08T16:10:58 IST" name="dynamic" data-provider="getData" finished-at="2020-11-08T16:11:01 IST" duration-ms="2060" status="PASS">
          <params>
            <param index="0">
              <value>
                <![CDATA[ram]]>
              </value>
            </param>
          </params>
          <reporter-output>
          </reporter-output>
        </test-method> <!-- dynamic -->
      </class> <!-- com.rest.DynamicPayload -->
    </test> <!-- Default test -->
  </suite> <!-- Default suite -->
</testng-results>
