<?xml version="1.0" encoding="UTF-8"?>
<testng-results ignored="0" total="1" passed="1" failed="0" skipped="0">
  <reporter-output>
  </reporter-output>
  <suite started-at="2020-11-02T15:11:07 IST" name="Default suite" finished-at="2020-11-02T15:12:33 IST" duration-ms="86539">
    <groups>
    </groups>
    <test started-at="2020-11-02T15:11:07 IST" name="Default test" finished-at="2020-11-02T15:12:33 IST" duration-ms="86539">
      <class name="com.pack.www.Demo1">
        <test-method signature="setUp()[pri:0, instance:com.pack.www.Demo1@503d687a]" started-at="2020-11-02T15:11:07 IST" name="setUp" finished-at="2020-11-02T15:12:33 IST" duration-ms="86502" status="PASS">
          <reporter-output>
          </reporter-output>
        </test-method> <!-- setUp -->
      </class> <!-- com.pack.www.Demo1 -->
    </test> <!-- Default test -->
  </suite> <!-- Default suite -->
</testng-results>
